<?xml version="1.0" encoding="UTF-8"?>
<!-- Generated by org.testng.reporters.JUnitXMLReporter -->
<testsuite ignored="0" hostname="mac120.local" failures="0" tests="3" name="Default test" time="205.532" errors="0" timestamp="2025-12-22T11:55:23 IST">
  <testcase classname="testing.AppyPieNavigationTest" name="openHomePage" time="1.566"/>
  <testcase classname="testing.AppyPieNavigationTest" name="validateAutomateUX" time="64.105"/>
  <testcase classname="testing.AppyPieNavigationTest" name="connectTopNavigationTest" time="133.934"/>
</testsuite> <!-- Default test -->
