<?xml version="1.0" encoding="UTF-8"?>
<testsuite xmlns:xsi="http://www.w3.org/2001/XMLSchema-instance" xsi:noNamespaceSchemaLocation="https://maven.apache.org/surefire/maven-surefire-plugin/xsd/surefire-test-report-3.0.xsd" version="3.0" name="TestSuite" time="203.031" tests="5" errors="0" skipped="0" failures="1">
  <properties>
[...]
</properties>
  <testcase name="loginRedirectsToIdentityProvider" classname="testing.LoginTest" time="4.219">
    <system-out><![CDATA[...
... TestNG 7.10.2 by Cédric Beust (cedric@beust.com)
...

]]></system-out>
    <system-err><![CDATA[[main] INFO base.BaseTest - Launching ChromeDriver (headless=true)
]]></system-err>
  </testcase>
  <testcase name="openHomePage" classname="testing.AppyPieNavigationTest" time="1.592">
    <system-err><![CDATA[[main] WARN utils.HealthTracker - ⚠ [HIGH] HomePage - JS Error: https://www.appypie.com/ 251:4 Uncaught TypeError: Cannot read properties of null (reading 'addEventListener')
[main] WARN utils.HealthTracker - ⚠ [HIGH] HomePage - JS Error: https://www.appypie.com/ 560:34 Uncaught TypeError: Cannot read properties of null (reading 'offsetTop')
]]></system-err>
  </testcase>
  <testcase name="validateAutomateUX" classname="testing.AppyPieNavigationTest" time="30.908">
    <system-err><![CDATA[[main] INFO pages.AppyPieHomePage - On appypie.com — redirecting user to https://appypieautomate.com
[main] INFO pages.AppyPieHomePage - Redirect to https://appypieautomate.com succeeded
[main] WARN utils.HealthTracker - ⚠ [LOW] CDN/Plugin - Resource issue: https://www.appypie.com/ - The resource https://www.appypie.com/wp-content/uploads/2024/08/homeBannermobile.webp was preloaded using link preload but not used within a few seconds from...
[main] WARN utils.HealthTracker - ⚠ [LOW] CDN/Plugin - Resource issue: https://www.appypie.com/ - The resource https://images.appypie.com/wp-content/uploads/2024/08/30113137/homeBanner.webp was preloaded using link preload but not used within a few second...
[main] WARN utils.HealthTracker - ⚠ [HIGH] NavigateToAutomate - JS Error: https://www.appypieautomate.ai/ 1243:24 Uncaught TypeError: Cannot read properties of null (reading 'appendChild')
[main] INFO testing.AppyPieNavigationTest - LCP: -1ms | CLS: 0.0
]]></system-err>
  </testcase>
  <testcase name="connectTopNavigationTest" classname="testing.AppyPieNavigationTest" time="125.226">
    <system-err><![CDATA[[main] INFO testing.AppyPieNavigationTest - Features load time: 661 ms
[main] INFO testing.AppyPieNavigationTest - App Directory load time: 1051 ms
[main] WARN pages.ConnectTopNavigation - Navigation click failed for AI Automation -> TimeoutException: Expected condition failed: waiting for element to be clickable: By.cssSelector: a[href*='ai-automation'] (tried for 15 second(s) with 500 milliseconds interval)
Build info: version: '4.24.0', revision: '748ffc9bc3'
System info: os.name: 'Mac OS X', os.arch: 'x86_64', os.version: '15.7.3', java.version: '25.0.1'
Driver info: org.openqa.selenium.chrome.ChromeDriver
Capabilities {acceptInsecureCerts: false, browserName: chrome, browserVersion: 143.0.7499.193, chrome: {chromedriverVersion: 143.0.7499.192 (be2c1f4fd45..., userDataDir: /var/folders/74/9_jgzv7j695...}, fedcm:accounts: true, goog:chromeOptions: {debuggerAddress: localhost:60841}, goog:processID: 13465, networkConnectionEnabled: false, pageLoadStrategy: normal, platformName: mac, proxy: Proxy(), se:cdp: ws://localhost:60841/devtoo..., se:cdpVersion: 143.0.7499.193, setWindowRect: true, strictFileInteractability: false, timeouts: {implicit: 0, pageLoad: 300000, script: 30000}, unhandledPromptBehavior: dismiss and notify, webauthn:extension:credBlob: true, webauthn:extension:largeBlob: true, webauthn:extension:minPinLength: true, webauthn:extension:prf: true, webauthn:virtualAuthenticators: true}
Session ID: 41c9d89f68ba71cbf2ba2ad94e1f392b
[main] WARN pages.ConnectTopNavigation - JS click also failed for AI Automation -> NoSuchElementException: no such element: Unable to locate element: {"method":"css selector","selector":"a[href*='ai-automation']"}
  (Session info: chrome=143.0.7499.193)
For documentation on this error, please visit: https://www.selenium.dev/documentation/webdriver/troubleshooting/errors#no-such-element-exception
Build info: version: '4.24.0', revision: '748ffc9bc3'
System info: os.name: 'Mac OS X', os.arch: 'x86_64', os.version: '15.7.3', java.version: '25.0.1'
Driver info: org.openqa.selenium.chrome.ChromeDriver
Command: [41c9d89f68ba71cbf2ba2ad94e1f392b, findElement {using=css selector, value=a[href*='ai-automation']}]
Capabilities {acceptInsecureCerts: false, browserName: chrome, browserVersion: 143.0.7499.193, chrome: {chromedriverVersion: 143.0.7499.192 (be2c1f4fd45..., userDataDir: /var/folders/74/9_jgzv7j695...}, fedcm:accounts: true, goog:chromeOptions: {debuggerAddress: localhost:60841}, goog:processID: 13465, networkConnectionEnabled: false, pageLoadStrategy: normal, platformName: mac, proxy: Proxy(), se:cdp: ws://localhost:60841/devtoo..., se:cdpVersion: 143.0.7499.193, setWindowRect: true, strictFileInteractability: false, timeouts: {implicit: 0, pageLoad: 300000, script: 30000}, unhandledPromptBehavior: dismiss and notify, webauthn:extension:credBlob: true, webauthn:extension:largeBlob: true, webauthn:extension:minPinLength: true, webauthn:extension:prf: true, webauthn:virtualAuthenticators: true}
Session ID: 41c9d89f68ba71cbf2ba2ad94e1f392b
[main] INFO utils.HealthTracker - Recorded fallback for AI Automation -> https://www.appypieautomate.ai/integrate/ai-workflow-builder
[main] INFO testing.AppyPieNavigationTest - AI Automation load time: 26076 ms
[main] WARN utils.HealthTracker - ⚠ [MEDIUM] AI Connects - Slow page: AI Connects = 8930 ms
[main] INFO testing.AppyPieNavigationTest - AI Connects load time: 8930 ms
[main] WARN utils.HealthTracker - ⚠ [LOW] Analytics - Tracking: https://www.appypieautomate.ai/ai-connects/ 171:2296 "zaraz is loaded twice"
[main] WARN pages.ConnectTopNavigation - Navigation click failed for MCP Server -> TimeoutException: Expected condition failed: waiting for element to be clickable: By.cssSelector: a[href*='mcp-server'] (tried for 15 second(s) with 500 milliseconds interval)
Build info: version: '4.24.0', revision: '748ffc9bc3'
System info: os.name: 'Mac OS X', os.arch: 'x86_64', os.version: '15.7.3', java.version: '25.0.1'
Driver info: org.openqa.selenium.chrome.ChromeDriver
Capabilities {acceptInsecureCerts: false, browserName: chrome, browserVersion: 143.0.7499.193, chrome: {chromedriverVersion: 143.0.7499.192 (be2c1f4fd45..., userDataDir: /var/folders/74/9_jgzv7j695...}, fedcm:accounts: true, goog:chromeOptions: {debuggerAddress: localhost:60841}, goog:processID: 13465, networkConnectionEnabled: false, pageLoadStrategy: normal, platformName: mac, proxy: Proxy(), se:cdp: ws://localhost:60841/devtoo..., se:cdpVersion: 143.0.7499.193, setWindowRect: true, strictFileInteractability: false, timeouts: {implicit: 0, pageLoad: 300000, script: 30000}, unhandledPromptBehavior: dismiss and notify, webauthn:extension:credBlob: true, webauthn:extension:largeBlob: true, webauthn:extension:minPinLength: true, webauthn:extension:prf: true, webauthn:virtualAuthenticators: true}
Session ID: 41c9d89f68ba71cbf2ba2ad94e1f392b
[main] WARN pages.ConnectTopNavigation - JS click also failed for MCP Server -> NoSuchElementException: no such element: Unable to locate element: {"method":"css selector","selector":"a[href*='mcp-server']"}
  (Session info: chrome=143.0.7499.193)
For documentation on this error, please visit: https://www.selenium.dev/documentation/webdriver/troubleshooting/errors#no-such-element-exception
Build info: version: '4.24.0', revision: '748ffc9bc3'
System info: os.name: 'Mac OS X', os.arch: 'x86_64', os.version: '15.7.3', java.version: '25.0.1'
Driver info: org.openqa.selenium.chrome.ChromeDriver
Command: [41c9d89f68ba71cbf2ba2ad94e1f392b, findElement {using=css selector, value=a[href*='mcp-server']}]
Capabilities {acceptInsecureCerts: false, browserName: chrome, browserVersion: 143.0.7499.193, chrome: {chromedriverVersion: 143.0.7499.192 (be2c1f4fd45..., userDataDir: /var/folders/74/9_jgzv7j695...}, fedcm:accounts: true, goog:chromeOptions: {debuggerAddress: localhost:60841}, goog:processID: 13465, networkConnectionEnabled: false, pageLoadStrategy: normal, platformName: mac, proxy: Proxy(), se:cdp: ws://localhost:60841/devtoo..., se:cdpVersion: 143.0.7499.193, setWindowRect: true, strictFileInteractability: false, timeouts: {implicit: 0, pageLoad: 300000, script: 30000}, unhandledPromptBehavior: dismiss and notify, webauthn:extension:credBlob: true, webauthn:extension:largeBlob: true, webauthn:extension:minPinLength: true, webauthn:extension:prf: true, webauthn:virtualAuthenticators: true}
Session ID: 41c9d89f68ba71cbf2ba2ad94e1f392b
[main] INFO utils.HealthTracker - Recorded fallback for MCP Server -> https://www.appypieautomate.ai/mcp/
[main] INFO testing.AppyPieNavigationTest - MCP Server load time: 26114 ms
[main] WARN utils.HealthTracker - ⚠ [LOW] Analytics - Tracking: https://www.appypieautomate.ai/mcp/ 110:131 "zaraz is loaded twice"
[main] INFO testing.AppyPieNavigationTest - Pricing load time: 1784 ms
[main] INFO testing.AppyPieNavigationTest - Blog load time: 4430 ms
[main] INFO testing.AppyPieNavigationTest - Contact Sales load time: 12392 ms
[main] WARN pages.ConnectTopNavigation - Navigation click failed for Signup -> TimeoutException: Expected condition failed: waiting for element to be clickable: By.cssSelector: a[title='Sign Up'] (tried for 15 second(s) with 500 milliseconds interval)
Build info: version: '4.24.0', revision: '748ffc9bc3'
System info: os.name: 'Mac OS X', os.arch: 'x86_64', os.version: '15.7.3', java.version: '25.0.1'
Driver info: org.openqa.selenium.chrome.ChromeDriver
Capabilities {acceptInsecureCerts: false, browserName: chrome, browserVersion: 143.0.7499.193, chrome: {chromedriverVersion: 143.0.7499.192 (be2c1f4fd45..., userDataDir: /var/folders/74/9_jgzv7j695...}, fedcm:accounts: true, goog:chromeOptions: {debuggerAddress: localhost:60841}, goog:processID: 13465, networkConnectionEnabled: false, pageLoadStrategy: normal, platformName: mac, proxy: Proxy(), se:cdp: ws://localhost:60841/devtoo..., se:cdpVersion: 143.0.7499.193, setWindowRect: true, strictFileInteractability: false, timeouts: {implicit: 0, pageLoad: 300000, script: 30000}, unhandledPromptBehavior: dismiss and notify, webauthn:extension:credBlob: true, webauthn:extension:largeBlob: true, webauthn:extension:minPinLength: true, webauthn:extension:prf: true, webauthn:virtualAuthenticators: true}
Session ID: 41c9d89f68ba71cbf2ba2ad94e1f392b
[main] WARN pages.ConnectTopNavigation - JS click also failed for Signup -> NoSuchElementException: no such element: Unable to locate element: {"method":"css selector","selector":"a[title='Sign Up']"}
  (Session info: chrome=143.0.7499.193)
For documentation on this error, please visit: https://www.selenium.dev/documentation/webdriver/troubleshooting/errors#no-such-element-exception
Build info: version: '4.24.0', revision: '748ffc9bc3'
System info: os.name: 'Mac OS X', os.arch: 'x86_64', os.version: '15.7.3', java.version: '25.0.1'
Driver info: org.openqa.selenium.chrome.ChromeDriver
Command: [41c9d89f68ba71cbf2ba2ad94e1f392b, findElement {using=css selector, value=a[title='Sign Up']}]
Capabilities {acceptInsecureCerts: false, browserName: chrome, browserVersion: 143.0.7499.193, chrome: {chromedriverVersion: 143.0.7499.192 (be2c1f4fd45..., userDataDir: /var/folders/74/9_jgzv7j695...}, fedcm:accounts: true, goog:chromeOptions: {debuggerAddress: localhost:60841}, goog:processID: 13465, networkConnectionEnabled: false, pageLoadStrategy: normal, platformName: mac, proxy: Proxy(), se:cdp: ws://localhost:60841/devtoo..., se:cdpVersion: 143.0.7499.193, setWindowRect: true, strictFileInteractability: false, timeouts: {implicit: 0, pageLoad: 300000, script: 30000}, unhandledPromptBehavior: dismiss and notify, webauthn:extension:credBlob: true, webauthn:extension:largeBlob: true, webauthn:extension:minPinLength: true, webauthn:extension:prf: true, webauthn:virtualAuthenticators: true}
Session ID: 41c9d89f68ba71cbf2ba2ad94e1f392b
[main] INFO utils.HealthTracker - Recorded expected external redirect for Signup -> https://accounts.appypie.com/register?frompage=https%3A%2F%2Fconnectcloud.appypie.com%2Fconnects&lang=en
[main] INFO testing.AppyPieNavigationTest - Signup load time: 26074 ms
[main] INFO utils.HealthTracker - [THIRD_PARTY_AUTH] Signup → [LOW] Signup - https://accounts.appypie.com/register?frompage=https:%2F%2Fconnectcloud.appypie.com%2Fconnects&lang=en - Not signed in with the identity provider.
[main] WARN pages.ConnectTopNavigation - Navigation click failed for Login -> TimeoutException: Expected condition failed: waiting for element to be clickable: By.linkText: Log In (tried for 15 second(s) with 500 milliseconds interval)
Build info: version: '4.24.0', revision: '748ffc9bc3'
System info: os.name: 'Mac OS X', os.arch: 'x86_64', os.version: '15.7.3', java.version: '25.0.1'
Driver info: org.openqa.selenium.chrome.ChromeDriver
Capabilities {acceptInsecureCerts: false, browserName: chrome, browserVersion: 143.0.7499.193, chrome: {chromedriverVersion: 143.0.7499.192 (be2c1f4fd45..., userDataDir: /var/folders/74/9_jgzv7j695...}, fedcm:accounts: true, goog:chromeOptions: {debuggerAddress: localhost:60841}, goog:processID: 13465, networkConnectionEnabled: false, pageLoadStrategy: normal, platformName: mac, proxy: Proxy(), se:cdp: ws://localhost:60841/devtoo..., se:cdpVersion: 143.0.7499.193, setWindowRect: true, strictFileInteractability: false, timeouts: {implicit: 0, pageLoad: 300000, script: 30000}, unhandledPromptBehavior: dismiss and notify, webauthn:extension:credBlob: true, webauthn:extension:largeBlob: true, webauthn:extension:minPinLength: true, webauthn:extension:prf: true, webauthn:virtualAuthenticators: true}
Session ID: 41c9d89f68ba71cbf2ba2ad94e1f392b
[main] WARN utils.HealthTracker - ⚠ [LOW] Login - Click failed: TimeoutException: Expected condition failed: waiting for element to be clickable: By.linkText: Log In (tried for 15 second(s) with 500 milliseconds interval)
[main] WARN pages.ConnectTopNavigation - JS click also failed for Login -> NoSuchElementException: no such element: Unable to locate element: {"method":"link text","selector":"Log In"}
  (Session info: chrome=143.0.7499.193)
For documentation on this error, please visit: https://www.selenium.dev/documentation/webdriver/troubleshooting/errors#no-such-element-exception
Build info: version: '4.24.0', revision: '748ffc9bc3'
System info: os.name: 'Mac OS X', os.arch: 'x86_64', os.version: '15.7.3', java.version: '25.0.1'
Driver info: org.openqa.selenium.chrome.ChromeDriver
Command: [41c9d89f68ba71cbf2ba2ad94e1f392b, findElement {using=link text, value=Log In}]
Capabilities {acceptInsecureCerts: false, browserName: chrome, browserVersion: 143.0.7499.193, chrome: {chromedriverVersion: 143.0.7499.192 (be2c1f4fd45..., userDataDir: /var/folders/74/9_jgzv7j695...}, fedcm:accounts: true, goog:chromeOptions: {debuggerAddress: localhost:60841}, goog:processID: 13465, networkConnectionEnabled: false, pageLoadStrategy: normal, platformName: mac, proxy: Proxy(), se:cdp: ws://localhost:60841/devtoo..., se:cdpVersion: 143.0.7499.193, setWindowRect: true, strictFileInteractability: false, timeouts: {implicit: 0, pageLoad: 300000, script: 30000}, unhandledPromptBehavior: dismiss and notify, webauthn:extension:credBlob: true, webauthn:extension:largeBlob: true, webauthn:extension:minPinLength: true, webauthn:extension:prf: true, webauthn:virtualAuthenticators: true}
Session ID: 41c9d89f68ba71cbf2ba2ad94e1f392b
[main] WARN utils.HealthTracker - ⚠ [LOW] Login - JS click failed: NoSuchElementException: no such element: Unable to locate element: {"method":"link text","selector":"Log In"}
[main] INFO utils.HealthTracker - Recorded expected external redirect for Login -> https://accounts.appypie.com/login?frompage=https%3A%2F%2Fconnectcloud.appypie.com%2Fconnects&lang=en
[main] WARN utils.HealthTracker - ⚠ [HIGH] Login - Slow page: Login = 17688 ms
[main] INFO testing.AppyPieNavigationTest - Login load time: 17688 ms
]]></system-err>
  </testcase>
  <testcase name="signupButtonDisabledByDefault" classname="testing.SignupTest" time="32.027">
    <failure message="Expected condition failed: waiting for presence of element located by: By.cssSelector: form button[type=&apos;submit&apos;] (tried for 30 second(s) with 500 milliseconds interval)" type="org.openqa.selenium.TimeoutException"><![CDATA[org.openqa.selenium.TimeoutException: Expected condition failed: waiting for presence of element located by: By.cssSelector: form button[type='submit'] (tried for 30 second(s) with 500 milliseconds interval)
	at org.openqa.selenium.support.ui.WebDriverWait.timeoutException(WebDriverWait.java:84)
	at org.openqa.selenium.support.ui.FluentWait.until(FluentWait.java:228)
	at utils.WaitUtils.waitForPresent(WaitUtils.java:108)
	at pages.SignupPage.isSignupButtonDisabled(SignupPage.java:25)
	at testing.SignupTest.signupButtonDisabledByDefault(SignupTest.java:17)
	at java.base/jdk.internal.reflect.DirectMethodHandleAccessor.invoke(DirectMethodHandleAccessor.java:104)
	at java.base/java.lang.reflect.Method.invoke(Method.java:565)
	at org.testng.internal.invokers.MethodInvocationHelper.invokeMethod(MethodInvocationHelper.java:141)
	at org.testng.internal.invokers.TestInvoker.invokeMethod(TestInvoker.java:686)
	at org.testng.internal.invokers.TestInvoker.invokeTestMethod(TestInvoker.java:230)
	at org.testng.internal.invokers.MethodRunner.runInSequence(MethodRunner.java:63)
	at org.testng.internal.invokers.TestInvoker$MethodInvocationAgent.invoke(TestInvoker.java:992)
	at org.testng.internal.invokers.TestInvoker.invokeTestMethods(TestInvoker.java:203)
	at org.testng.internal.invokers.TestMethodWorker.invokeTestMethods(TestMethodWorker.java:154)
	at org.testng.internal.invokers.TestMethodWorker.run(TestMethodWorker.java:134)
	at java.base/java.util.ArrayList.forEach(ArrayList.java:1604)
	at org.testng.TestRunner.privateRun(TestRunner.java:739)
	at org.testng.TestRunner.run(TestRunner.java:614)
	at org.testng.SuiteRunner.runTest(SuiteRunner.java:421)
	at org.testng.SuiteRunner.runSequentially(SuiteRunner.java:413)
	at org.testng.SuiteRunner.privateRun(SuiteRunner.java:373)
	at org.testng.SuiteRunner.run(SuiteRunner.java:312)
	at org.testng.SuiteRunnerWorker.runSuite(SuiteRunnerWorker.java:52)
	at org.testng.SuiteRunnerWorker.run(SuiteRunnerWorker.java:95)
	at org.testng.TestNG.runSuitesSequentially(TestNG.java:1274)
	at org.testng.TestNG.runSuitesLocally(TestNG.java:1208)
	at org.testng.TestNG.runSuites(TestNG.java:1112)
	at org.testng.TestNG.run(TestNG.java:1079)
	at org.apache.maven.surefire.testng.TestNGExecutor.run(TestNGExecutor.java:308)
	at org.apache.maven.surefire.testng.TestNGXmlTestSuite.execute(TestNGXmlTestSuite.java:71)
	at org.apache.maven.surefire.testng.TestNGProvider.invoke(TestNGProvider.java:113)
	at org.apache.maven.surefire.booter.ForkedBooter.runSuitesInProcess(ForkedBooter.java:385)
	at org.apache.maven.surefire.booter.ForkedBooter.execute(ForkedBooter.java:162)
	at org.apache.maven.surefire.booter.ForkedBooter.run(ForkedBooter.java:507)
	at org.apache.maven.surefire.booter.ForkedBooter.main(ForkedBooter.java:495)
Caused by: org.openqa.selenium.NoSuchElementException: no such element: Unable to locate element: {"method":"css selector","selector":"form button[type='submit']"}
  (Session info: chrome=143.0.7499.193)
For documentation on this error, please visit: https://www.selenium.dev/documentation/webdriver/troubleshooting/errors#no-such-element-exception
Build info: version: '4.24.0', revision: '748ffc9bc3'
System info: os.name: 'Mac OS X', os.arch: 'x86_64', os.version: '15.7.3', java.version: '25.0.1'
Driver info: org.openqa.selenium.chrome.ChromeDriver
Command: [41c9d89f68ba71cbf2ba2ad94e1f392b, findElement {using=css selector, value=form button[type='submit']}]
Capabilities {acceptInsecureCerts: false, browserName: chrome, browserVersion: 143.0.7499.193, chrome: {chromedriverVersion: 143.0.7499.192 (be2c1f4fd45..., userDataDir: /var/folders/74/9_jgzv7j695...}, fedcm:accounts: true, goog:chromeOptions: {debuggerAddress: localhost:60841}, goog:processID: 13465, networkConnectionEnabled: false, pageLoadStrategy: normal, platformName: mac, proxy: Proxy(), se:cdp: ws://localhost:60841/devtoo..., se:cdpVersion: 143.0.7499.193, setWindowRect: true, strictFileInteractability: false, timeouts: {implicit: 0, pageLoad: 300000, script: 30000}, unhandledPromptBehavior: dismiss and notify, webauthn:extension:credBlob: true, webauthn:extension:largeBlob: true, webauthn:extension:minPinLength: true, webauthn:extension:prf: true, webauthn:virtualAuthenticators: true}
Session ID: 41c9d89f68ba71cbf2ba2ad94e1f392b
	at java.base/jdk.internal.reflect.DirectConstructorHandleAccessor.newInstance(DirectConstructorHandleAccessor.java:62)
	at java.base/java.lang.reflect.Constructor.newInstanceWithCaller(Constructor.java:499)
	at java.base/java.lang.reflect.Constructor.newInstance(Constructor.java:483)
	at org.openqa.selenium.remote.ErrorCodec.decode(ErrorCodec.java:167)
	at org.openqa.selenium.remote.codec.w3c.W3CHttpResponseCodec.decode(W3CHttpResponseCodec.java:138)
	at org.openqa.selenium.remote.codec.w3c.W3CHttpResponseCodec.decode(W3CHttpResponseCodec.java:50)
	at org.openqa.selenium.remote.HttpCommandExecutor.execute(HttpCommandExecutor.java:190)
	at org.openqa.selenium.remote.service.DriverCommandExecutor.invokeExecute(DriverCommandExecutor.java:216)
	at org.openqa.selenium.remote.service.DriverCommandExecutor.execute(DriverCommandExecutor.java:174)
	at org.openqa.selenium.remote.RemoteWebDriver.execute(RemoteWebDriver.java:545)
	at org.openqa.selenium.remote.ElementLocation$ElementFinder$2.findElement(ElementLocation.java:165)
	at org.openqa.selenium.remote.ElementLocation.findElement(ElementLocation.java:59)
	at org.openqa.selenium.remote.RemoteWebDriver.findElement(RemoteWebDriver.java:368)
	at org.openqa.selenium.remote.RemoteWebDriver.findElement(RemoteWebDriver.java:362)
	at org.openqa.selenium.support.ui.ExpectedConditions$6.apply(ExpectedConditions.java:171)
	at org.openqa.selenium.support.ui.ExpectedConditions$6.apply(ExpectedConditions.java:168)
	at org.openqa.selenium.support.ui.FluentWait.until(FluentWait.java:203)
	... 33 more
]]></failure>
  </testcase>
</testsuite>