<?xml version="1.0" encoding="UTF-8"?>
<testng-results ignored="0" total="5" passed="4" failed="1" skipped="0">
  <reporter-output>
  </reporter-output>
  <suite started-at="2026-01-21T12:25:58 UTC" name="AutomationSuite" finished-at="2026-01-21T12:29:12 UTC" duration-ms="194275">
    <groups>
      <group name="navigation">
        <method signature="AppyPieNavigationTest.openHomePage()[pri:1, instance:testing.AppyPieNavigationTest@20deea7f]" name="openHomePage" class="testing.AppyPieNavigationTest"/>
        <method signature="AppyPieNavigationTest.validateAutomateUX()[pri:2, instance:testing.AppyPieNavigationTest@20deea7f]" name="validateAutomateUX" class="testing.AppyPieNavigationTest"/>
        <method signature="AppyPieNavigationTest.connectTopNavigationTest()[pri:3, instance:testing.AppyPieNavigationTest@20deea7f]" name="connectTopNavigationTest" class="testing.AppyPieNavigationTest"/>
      </group> <!-- navigation -->
      <group name="login">
        <method signature="LoginTest.loginRedirectsToIdentityProvider()[pri:0, instance:testing.LoginTest@31368b99]" name="loginRedirectsToIdentityProvider" class="testing.LoginTest"/>
      </group> <!-- login -->
    </groups>
    <test started-at="2026-01-21T12:25:58 UTC" name="SmokeTests" finished-at="2026-01-21T12:29:12 UTC" duration-ms="194275">
      <class name="testing.SignupTest">
        <test-method signature="signupButtonDisabledByDefault()[pri:0, instance:testing.SignupTest@3835c46]" started-at="2026-01-21T12:28:40 UTC" name="signupButtonDisabledByDefault" finished-at="2026-01-21T12:29:12 UTC" duration-ms="32023" status="FAIL">
          <exception class="org.openqa.selenium.TimeoutException">
            <message>
              <![CDATA[Expected condition failed: waiting for presence of element located by: By.cssSelector: form button[type='submit'] (tried for 30 second(s) with 500 milliseconds interval)]]>
            </message>
            <full-stacktrace>
              <![CDATA[org.openqa.selenium.TimeoutException: Expected condition failed: waiting for presence of element located by: By.cssSelector: form button[type='submit'] (tried for 30 second(s) with 500 milliseconds interval)
at org.openqa.selenium.support.ui.WebDriverWait.timeoutException(WebDriverWait.java:84)
at org.openqa.selenium.support.ui.FluentWait.until(FluentWait.java:228)
at utils.WaitUtils.waitForPresent(WaitUtils.java:108)
at pages.SignupPage.isSignupButtonDisabled(SignupPage.java:25)
at testing.SignupTest.signupButtonDisabledByDefault(SignupTest.java:17)
at java.base/jdk.internal.reflect.DirectMethodHandleAccessor.invoke(DirectMethodHandleAccessor.java:104)
at java.base/java.lang.reflect.Method.invoke(Method.java:565)
at org.testng.internal.invokers.MethodInvocationHelper.invokeMethod(MethodInvocationHelper.java:141)
at org.testng.internal.invokers.TestInvoker.invokeMethod(TestInvoker.java:686)
at org.testng.internal.invokers.TestInvoker.invokeTestMethod(TestInvoker.java:230)
at org.testng.internal.invokers.MethodRunner.runInSequence(MethodRunner.java:63)
at org.testng.internal.invokers.TestInvoker$MethodInvocationAgent.invoke(TestInvoker.java:992)
at org.testng.internal.invokers.TestInvoker.invokeTestMethods(TestInvoker.java:203)
at org.testng.internal.invokers.TestMethodWorker.invokeTestMethods(TestMethodWorker.java:154)
at org.testng.internal.invokers.TestMethodWorker.run(TestMethodWorker.java:134)
at java.base/java.util.ArrayList.forEach(ArrayList.java:1604)
at org.testng.TestRunner.privateRun(TestRunner.java:739)
at org.testng.TestRunner.run(TestRunner.java:614)
at org.testng.SuiteRunner.runTest(SuiteRunner.java:421)
at org.testng.SuiteRunner.runSequentially(SuiteRunner.java:413)
at org.testng.SuiteRunner.privateRun(SuiteRunner.java:373)
at org.testng.SuiteRunner.run(SuiteRunner.java:312)
at org.testng.SuiteRunnerWorker.runSuite(SuiteRunnerWorker.java:52)
at org.testng.SuiteRunnerWorker.run(SuiteRunnerWorker.java:95)
at org.testng.TestNG.runSuitesSequentially(TestNG.java:1274)
at org.testng.TestNG.runSuitesLocally(TestNG.java:1208)
at org.testng.TestNG.runSuites(TestNG.java:1112)
at org.testng.TestNG.run(TestNG.java:1079)
at org.apache.maven.surefire.testng.TestNGExecutor.run(TestNGExecutor.java:308)
at org.apache.maven.surefire.testng.TestNGXmlTestSuite.execute(TestNGXmlTestSuite.java:71)
at org.apache.maven.surefire.testng.TestNGProvider.invoke(TestNGProvider.java:113)
at org.apache.maven.surefire.booter.ForkedBooter.runSuitesInProcess(ForkedBooter.java:385)
at org.apache.maven.surefire.booter.ForkedBooter.execute(ForkedBooter.java:162)
at org.apache.maven.surefire.booter.ForkedBooter.run(ForkedBooter.java:507)
at org.apache.maven.surefire.booter.ForkedBooter.main(ForkedBooter.java:495)
Caused by: org.openqa.selenium.NoSuchElementException: no such element: Unable to locate element: {"method":"css selector","selector":"form button[type='submit']"}
  (Session info: chrome=143.0.7499.193)
For documentation on this error, please visit: https://www.selenium.dev/documentation/webdriver/troubleshooting/errors#no-such-element-exception
Build info: version: '4.24.0', revision: '748ffc9bc3'
System info: os.name: 'Mac OS X', os.arch: 'x86_64', os.version: '15.7.3', java.version: '25.0.1'
Driver info: org.openqa.selenium.chrome.ChromeDriver
Command: [41c9d89f68ba71cbf2ba2ad94e1f392b, findElement {using=css selector, value=form button[type='submit']}]
Capabilities {acceptInsecureCerts: false, browserName: chrome, browserVersion: 143.0.7499.193, chrome: {chromedriverVersion: 143.0.7499.192 (be2c1f4fd45..., userDataDir: /var/folders/74/9_jgzv7j695...}, fedcm:accounts: true, goog:chromeOptions: {debuggerAddress: localhost:60841}, goog:processID: 13465, networkConnectionEnabled: false, pageLoadStrategy: normal, platformName: mac, proxy: Proxy(), se:cdp: ws://localhost:60841/devtoo..., se:cdpVersion: 143.0.7499.193, setWindowRect: true, strictFileInteractability: false, timeouts: {implicit: 0, pageLoad: 300000, script: 30000}, unhandledPromptBehavior: dismiss and notify, webauthn:extension:credBlob: true, webauthn:extension:largeBlob: true, webauthn:extension:minPinLength: true, webauthn:extension:prf: true, webauthn:virtualAuthenticators: true}
Session ID: 41c9d89f68ba71cbf2ba2ad94e1f392b
at java.base/jdk.internal.reflect.DirectConstructorHandleAccessor.newInstance(DirectConstructorHandleAccessor.java:62)
at java.base/java.lang.reflect.Constructor.newInstanceWithCaller(Constructor.java:499)
at java.base/java.lang.reflect.Constructor.newInstance(Constructor.java:483)
at org.openqa.selenium.remote.ErrorCodec.decode(ErrorCodec.java:167)
at org.openqa.selenium.remote.codec.w3c.W3CHttpResponseCodec.decode(W3CHttpResponseCodec.java:138)
at org.openqa.selenium.remote.codec.w3c.W3CHttpResponseCodec.decode(W3CHttpResponseCodec.java:50)
at org.openqa.selenium.remote.HttpCommandExecutor.execute(HttpCommandExecutor.java:190)
at org.openqa.selenium.remote.service.DriverCommandExecutor.invokeExecute(DriverCommandExecutor.java:216)
at org.openqa.selenium.remote.service.DriverCommandExecutor.execute(DriverCommandExecutor.java:174)
at org.openqa.selenium.remote.RemoteWebDriver.execute(RemoteWebDriver.java:545)
at org.openqa.selenium.remote.ElementLocation$ElementFinder$2.findElement(ElementLocation.java:165)
at org.openqa.selenium.remote.ElementLocation.findElement(ElementLocation.java:59)
at org.openqa.selenium.remote.RemoteWebDriver.findElement(RemoteWebDriver.java:368)
at org.openqa.selenium.remote.RemoteWebDriver.findElement(RemoteWebDriver.java:362)
at org.openqa.selenium.support.ui.ExpectedConditions$6.apply(ExpectedConditions.java:171)
at org.openqa.selenium.support.ui.ExpectedConditions$6.apply(ExpectedConditions.java:168)
at org.openqa.selenium.support.ui.FluentWait.until(FluentWait.java:203)
... 33 more
]]>
            </full-stacktrace>
          </exception> <!-- org.openqa.selenium.TimeoutException -->
          <reporter-output>
          </reporter-output>
        </test-method> <!-- signupButtonDisabledByDefault -->
        <test-method is-config="true" signature="afterEachTest(org.testng.ITestResult)[pri:0, instance:testing.SignupTest@3835c46]" started-at="2026-01-21T12:29:12 UTC" name="afterEachTest" finished-at="2026-01-21T12:29:12 UTC" duration-ms="164" status="PASS">
          <params>
            <param index="0">
              <value>
                <![CDATA[[TestResult name=signupButtonDisabledByDefault status=FAILURE method=SignupTest.signupButtonDisabledByDefault()[pri:0, instance:testing.SignupTest@3835c46] output={null}]]]>
              </value>
            </param>
          </params>
          <reporter-output>
          </reporter-output>
        </test-method> <!-- afterEachTest -->
      </class> <!-- testing.SignupTest -->
      <class name="testing.AppyPieNavigationTest">
        <test-method signature="openHomePage()[pri:1, instance:testing.AppyPieNavigationTest@20deea7f]" started-at="2026-01-21T12:26:02 UTC" name="openHomePage" finished-at="2026-01-21T12:26:04 UTC" duration-ms="1655" status="PASS">
          <reporter-output>
          </reporter-output>
        </test-method> <!-- openHomePage -->
        <test-method is-config="true" signature="afterEachTest(org.testng.ITestResult)[pri:0, instance:testing.AppyPieNavigationTest@20deea7f]" started-at="2026-01-21T12:26:04 UTC" name="afterEachTest" finished-at="2026-01-21T12:26:04 UTC" duration-ms="5" status="PASS">
          <params>
            <param index="0">
              <value>
                <![CDATA[[TestResult name=openHomePage status=SUCCESS method=AppyPieNavigationTest.openHomePage()[pri:1, instance:testing.AppyPieNavigationTest@20deea7f] output={null}]]]>
              </value>
            </param>
          </params>
          <reporter-output>
          </reporter-output>
        </test-method> <!-- afterEachTest -->
        <test-method signature="validateAutomateUX()[pri:2, instance:testing.AppyPieNavigationTest@20deea7f]" started-at="2026-01-21T12:26:04 UTC" name="validateAutomateUX" finished-at="2026-01-21T12:26:35 UTC" duration-ms="30916" status="PASS">
          <reporter-output>
          </reporter-output>
        </test-method> <!-- validateAutomateUX -->
        <test-method is-config="true" signature="afterEachTest(org.testng.ITestResult)[pri:0, instance:testing.AppyPieNavigationTest@20deea7f]" started-at="2026-01-21T12:26:35 UTC" name="afterEachTest" finished-at="2026-01-21T12:26:35 UTC" duration-ms="4" status="PASS">
          <params>
            <param index="0">
              <value>
                <![CDATA[[TestResult name=validateAutomateUX status=SUCCESS method=AppyPieNavigationTest.validateAutomateUX()[pri:2, instance:testing.AppyPieNavigationTest@20deea7f] output={null}]]]>
              </value>
            </param>
          </params>
          <reporter-output>
          </reporter-output>
        </test-method> <!-- afterEachTest -->
        <test-method signature="connectTopNavigationTest()[pri:3, instance:testing.AppyPieNavigationTest@20deea7f]" started-at="2026-01-21T12:26:35 UTC" name="connectTopNavigationTest" finished-at="2026-01-21T12:28:40 UTC" duration-ms="125225" status="PASS">
          <reporter-output>
          </reporter-output>
        </test-method> <!-- connectTopNavigationTest -->
        <test-method is-config="true" signature="afterEachTest(org.testng.ITestResult)[pri:0, instance:testing.AppyPieNavigationTest@20deea7f]" started-at="2026-01-21T12:28:40 UTC" name="afterEachTest" finished-at="2026-01-21T12:28:40 UTC" duration-ms="4" status="PASS">
          <params>
            <param index="0">
              <value>
                <![CDATA[[TestResult name=connectTopNavigationTest status=SUCCESS method=AppyPieNavigationTest.connectTopNavigationTest()[pri:3, instance:testing.AppyPieNavigationTest@20deea7f] output={null}]]]>
              </value>
            </param>
          </params>
          <reporter-output>
          </reporter-output>
        </test-method> <!-- afterEachTest -->
        <test-method is-config="true" signature="afterSuiteHealthReport()[pri:0, instance:testing.AppyPieNavigationTest@20deea7f]" started-at="2026-01-21T12:29:12 UTC" name="afterSuiteHealthReport" finished-at="2026-01-21T12:29:14 UTC" duration-ms="2413" status="PASS">
          <reporter-output>
          </reporter-output>
        </test-method> <!-- afterSuiteHealthReport -->
      </class> <!-- testing.AppyPieNavigationTest -->
      <class name="testing.LoginTest">
        <test-method is-config="true" signature="setUpSuite()[pri:0, instance:testing.LoginTest@31368b99]" started-at="2026-01-21T12:25:53 UTC" name="setUpSuite" finished-at="2026-01-21T12:25:58 UTC" duration-ms="4829" status="PASS">
          <reporter-output>
          </reporter-output>
        </test-method> <!-- setUpSuite -->
        <test-method signature="loginRedirectsToIdentityProvider()[pri:0, instance:testing.LoginTest@31368b99]" started-at="2026-01-21T12:25:58 UTC" name="loginRedirectsToIdentityProvider" finished-at="2026-01-21T12:26:02 UTC" duration-ms="4220" status="PASS">
          <reporter-output>
          </reporter-output>
        </test-method> <!-- loginRedirectsToIdentityProvider -->
        <test-method is-config="true" signature="afterEachTest(org.testng.ITestResult)[pri:0, instance:testing.LoginTest@31368b99]" started-at="2026-01-21T12:26:02 UTC" name="afterEachTest" finished-at="2026-01-21T12:26:02 UTC" duration-ms="9" status="PASS">
          <params>
            <param index="0">
              <value>
                <![CDATA[[TestResult name=loginRedirectsToIdentityProvider status=SUCCESS method=LoginTest.loginRedirectsToIdentityProvider()[pri:0, instance:testing.LoginTest@31368b99] output={null}]]]>
              </value>
            </param>
          </params>
          <reporter-output>
          </reporter-output>
        </test-method> <!-- afterEachTest -->
        <test-method is-config="true" signature="tearDownSuite()[pri:0, instance:testing.LoginTest@31368b99]" started-at="2026-01-21T12:29:14 UTC" name="tearDownSuite" finished-at="2026-01-21T12:29:15 UTC" depends-on-methods="testing.AppyPieNavigationTest.afterSuiteHealthReport" duration-ms="875" status="PASS">
          <reporter-output>
          </reporter-output>
        </test-method> <!-- tearDownSuite -->
      </class> <!-- testing.LoginTest -->
    </test> <!-- SmokeTests -->
  </suite> <!-- AutomationSuite -->
</testng-results>
