<?xml version="1.0" encoding="UTF-8"?>
<!-- Generated by org.testng.reporters.JUnitReportReporter -->
<testsuite hostname="mac120.local" failures="0" tests="3" name="testing.AppyPieNavigationTest" time="179.842" errors="0" timestamp="2026-01-21T07:58:20 UTC" skipped="0">
  <testcase classname="testing.AppyPieNavigationTest" name="openHomePage" time="5.088"/>
  <testcase classname="testing.AppyPieNavigationTest" name="validateAutomateUX" time="32.790"/>
  <testcase classname="testing.AppyPieNavigationTest" name="connectTopNavigationTest" time="141.964"/>
</testsuite> <!-- testing.AppyPieNavigationTest -->
