<?xml version="1.0" encoding="UTF-8"?>
<!-- Generated by org.testng.reporters.JUnitReportReporter -->
<testsuite hostname="mac120.local" failures="0" tests="3" name="testing.AppyPieNavigationTest" time="157.809" errors="0" timestamp="2026-01-21T12:29:15 UTC" skipped="0">
  <testcase classname="testing.AppyPieNavigationTest" name="openHomePage" time="1.659"/>
  <testcase classname="testing.AppyPieNavigationTest" name="validateAutomateUX" time="30.921"/>
  <testcase classname="testing.AppyPieNavigationTest" name="connectTopNavigationTest" time="125.229"/>
</testsuite> <!-- testing.AppyPieNavigationTest -->
